This is pdfTeX, Version 3.14159265-2.6-1.40.19 (MiKTeX 2.9.6800 64-bit) (preloaded format=pdflatex 2018.10.13)  12 DEC 2018 19:03
entering extended mode
**./Relatorio4-ENC.tex
(Relatorio4-ENC.tex
LaTeX2e <2018-04-01> patch level 5

("C:\Users\Rafael Gameiro\AppData\Local\Programs\MiKTeX 2.9\tex\latex\base\arti
cle.cls"
Document Class: article 2014/09/29 v1.4h Standard LaTeX document class

("C:\Users\Rafael Gameiro\AppData\Local\Programs\MiKTeX 2.9\tex\latex\base\size
10.clo"
File: size10.clo 2014/09/29 v1.4h Standard LaTeX file (size option)
)
\c@part=\count80
\c@section=\count81
\c@subsection=\count82
\c@subsubsection=\count83
\c@paragraph=\count84
\c@subparagraph=\count85
\c@figure=\count86
\c@table=\count87
\abovecaptionskip=\skip41
\belowcaptionskip=\skip42
\bibindent=\dimen102
)
("C:\Users\Rafael Gameiro\AppData\Local\Programs\MiKTeX 2.9\tex\latex\amsmath\a
msmath.sty"
Package: amsmath 2017/09/02 v2.17a AMS math features
\@mathmargin=\skip43

For additional information on amsmath, use the `?' option.

("C:\Users\Rafael Gameiro\AppData\Local\Programs\MiKTeX 2.9\tex\latex\amsmath\a
mstext.sty"
Package: amstext 2000/06/29 v2.01 AMS text

("C:\Users\Rafael Gameiro\AppData\Local\Programs\MiKTeX 2.9\tex\latex\amsmath\a
msgen.sty"
File: amsgen.sty 1999/11/30 v2.0 generic functions
\@emptytoks=\toks14
\ex@=\dimen103
))
("C:\Users\Rafael Gameiro\AppData\Local\Programs\MiKTeX 2.9\tex\latex\amsmath\a
msbsy.sty"
Package: amsbsy 1999/11/29 v1.2d Bold Symbols
\pmbraise@=\dimen104
)
("C:\Users\Rafael Gameiro\AppData\Local\Programs\MiKTeX 2.9\tex\latex\amsmath\a
msopn.sty"
Package: amsopn 2016/03/08 v2.02 operator names
)
\inf@bad=\count88
LaTeX Info: Redefining \frac on input line 213.
\uproot@=\count89
\leftroot@=\count90
LaTeX Info: Redefining \overline on input line 375.
\classnum@=\count91
\DOTSCASE@=\count92
LaTeX Info: Redefining \ldots on input line 472.
LaTeX Info: Redefining \dots on input line 475.
LaTeX Info: Redefining \cdots on input line 596.
\Mathstrutbox@=\box26
\strutbox@=\box27
\big@size=\dimen105
LaTeX Font Info:    Redeclaring font encoding OML on input line 712.
LaTeX Font Info:    Redeclaring font encoding OMS on input line 713.
\macc@depth=\count93
\c@MaxMatrixCols=\count94
\dotsspace@=\muskip10
\c@parentequation=\count95
\dspbrk@lvl=\count96
\tag@help=\toks15
\row@=\count97
\column@=\count98
\maxfields@=\count99
\andhelp@=\toks16
\eqnshift@=\dimen106
\alignsep@=\dimen107
\tagshift@=\dimen108
\tagwidth@=\dimen109
\totwidth@=\dimen110
\lineht@=\dimen111
\@envbody=\toks17
\multlinegap=\skip44
\multlinetaggap=\skip45
\mathdisplay@stack=\toks18
LaTeX Info: Redefining \[ on input line 2817.
LaTeX Info: Redefining \] on input line 2818.
)
("C:\Users\Rafael Gameiro\AppData\Local\Programs\MiKTeX 2.9\tex\latex\graphics\
graphicx.sty"
Package: graphicx 2017/06/01 v1.1a Enhanced LaTeX Graphics (DPC,SPQR)

("C:\Users\Rafael Gameiro\AppData\Local\Programs\MiKTeX 2.9\tex\latex\graphics\
keyval.sty"
Package: keyval 2014/10/28 v1.15 key=value parser (DPC)
\KV@toks@=\toks19
)
("C:\Users\Rafael Gameiro\AppData\Local\Programs\MiKTeX 2.9\tex\latex\graphics\
graphics.sty"
Package: graphics 2017/06/25 v1.2c Standard LaTeX Graphics (DPC,SPQR)

("C:\Users\Rafael Gameiro\AppData\Local\Programs\MiKTeX 2.9\tex\latex\graphics\
trig.sty"
Package: trig 2016/01/03 v1.10 sin cos tan (DPC)
)
("C:\Users\Rafael Gameiro\AppData\Local\Programs\MiKTeX 2.9\tex\latex\graphics-
cfg\graphics.cfg"
File: graphics.cfg 2016/06/04 v1.11 sample graphics configuration
)
Package graphics Info: Driver file: pdftex.def on input line 99.

("C:\Users\Rafael Gameiro\AppData\Local\Programs\MiKTeX 2.9\tex\latex\graphics-
def\pdftex.def"
File: pdftex.def 2018/01/08 v1.0l Graphics/color driver for pdftex
))
\Gin@req@height=\dimen112
\Gin@req@width=\dimen113
)
("C:\Users\Rafael Gameiro\AppData\Local\Programs\MiKTeX 2.9\tex\latex\tools\enu
merate.sty"
Package: enumerate 2015/07/23 v3.00 enumerate extensions (DPC)
\@enLab=\toks20
)
("C:\Users\Rafael Gameiro\AppData\Local\Programs\MiKTeX 2.9\tex\latex\caption\s
ubcaption.sty"
Package: subcaption 2018/05/01 v1.1-162 Sub-captions (AR)

("C:\Users\Rafael Gameiro\AppData\Local\Programs\MiKTeX 2.9\tex\latex\caption\c
aption.sty"
Package: caption 2018/10/06 v3.3-154 Customizing captions (AR)

("C:\Users\Rafael Gameiro\AppData\Local\Programs\MiKTeX 2.9\tex\latex\caption\c
aption3.sty"
Package: caption3 2018/09/12 v1.8c caption3 kernel (AR)
Package caption3 Info: TeX engine: e-TeX on input line 64.
\captionmargin=\dimen114
\captionmargin@=\dimen115
\captionwidth=\dimen116
\caption@tempdima=\dimen117
\caption@indent=\dimen118
\caption@parindent=\dimen119
\caption@hangindent=\dimen120
)
\c@caption@flags=\count100
\c@ContinuedFloat=\count101
)
\c@subfigure=\count102
\c@subtable=\count103
)
("C:\Users\Rafael Gameiro\AppData\Local\Programs\MiKTeX 2.9\tex\latex\float\flo
at.sty"
Package: float 2001/11/08 v1.3d Float enhancements (AL)
\c@float@type=\count104
\float@exts=\toks21
\float@box=\box28
\@float@everytoks=\toks22
\@floatcapt=\box29
) (Relatorio4-ENC.aux)
\openout1 = `Relatorio4-ENC.aux'.

LaTeX Font Info:    Checking defaults for OML/cmm/m/it on input line 17.
LaTeX Font Info:    ... okay on input line 17.
LaTeX Font Info:    Checking defaults for T1/cmr/m/n on input line 17.
LaTeX Font Info:    ... okay on input line 17.
LaTeX Font Info:    Checking defaults for OT1/cmr/m/n on input line 17.
LaTeX Font Info:    ... okay on input line 17.
LaTeX Font Info:    Checking defaults for OMS/cmsy/m/n on input line 17.
LaTeX Font Info:    ... okay on input line 17.
LaTeX Font Info:    Checking defaults for OMX/cmex/m/n on input line 17.
LaTeX Font Info:    ... okay on input line 17.
LaTeX Font Info:    Checking defaults for U/cmr/m/n on input line 17.
LaTeX Font Info:    ... okay on input line 17.

("C:\Users\Rafael Gameiro\AppData\Local\Programs\MiKTeX 2.9\tex\context\base\su
pp-pdf.mkii"
[Loading MPS to PDF converter (version 2006.09.02).]
\scratchcounter=\count105
\scratchdimen=\dimen121
\scratchbox=\box30
\nofMPsegments=\count106
\nofMParguments=\count107
\everyMPshowfont=\toks23
\MPscratchCnt=\count108
\MPscratchDim=\dimen122
\MPnumerator=\count109
\makeMPintoPDFobject=\count110
\everyMPtoPDFconversion=\toks24
)
("C:\Users\Rafael Gameiro\AppData\Local\Programs\MiKTeX 2.9\tex\latex\oberdiek\
epstopdf-base.sty"
Package: epstopdf-base 2016/05/15 v2.6 Base part for package epstopdf

("C:\Users\Rafael Gameiro\AppData\Local\Programs\MiKTeX 2.9\tex\generic\oberdie
k\infwarerr.sty"
Package: infwarerr 2016/05/16 v1.4 Providing info/warning/error messages (HO)
)
("C:\Users\Rafael Gameiro\AppData\Local\Programs\MiKTeX 2.9\tex\latex\oberdiek\
grfext.sty"
Package: grfext 2016/05/16 v1.2 Manage graphics extensions (HO)

("C:\Users\Rafael Gameiro\AppData\Local\Programs\MiKTeX 2.9\tex\generic\oberdie
k\kvdefinekeys.sty"
Package: kvdefinekeys 2016/05/16 v1.4 Define keys (HO)

("C:\Users\Rafael Gameiro\AppData\Local\Programs\MiKTeX 2.9\tex\generic\oberdie
k\ltxcmds.sty"
Package: ltxcmds 2016/05/16 v1.23 LaTeX kernel commands for general use (HO)
)))
("C:\Users\Rafael Gameiro\AppData\Local\Programs\MiKTeX 2.9\tex\latex\oberdiek\
kvoptions.sty"
Package: kvoptions 2016/05/16 v3.12 Key value format for package options (HO)

("C:\Users\Rafael Gameiro\AppData\Local\Programs\MiKTeX 2.9\tex\generic\oberdie
k\kvsetkeys.sty"
Package: kvsetkeys 2016/05/16 v1.17 Key value parser (HO)

("C:\Users\Rafael Gameiro\AppData\Local\Programs\MiKTeX 2.9\tex\generic\oberdie
k\etexcmds.sty"
Package: etexcmds 2016/05/16 v1.6 Avoid name clashes with e-TeX commands (HO)

("C:\Users\Rafael Gameiro\AppData\Local\Programs\MiKTeX 2.9\tex\generic\oberdie
k\ifluatex.sty"
Package: ifluatex 2016/05/16 v1.4 Provides the ifluatex switch (HO)
Package ifluatex Info: LuaTeX not detected.
)
Package etexcmds Info: Could not find \expanded.
(etexcmds)             That can mean that you are not using pdfTeX 1.50 or
(etexcmds)             that some package has redefined \expanded.
(etexcmds)             In the latter case, load this package earlier.
)))
("C:\Users\Rafael Gameiro\AppData\Local\Programs\MiKTeX 2.9\tex\generic\oberdie
k\pdftexcmds.sty"
Package: pdftexcmds 2018/01/30 v0.27 Utility functions of pdfTeX for LuaTeX (HO
)

("C:\Users\Rafael Gameiro\AppData\Local\Programs\MiKTeX 2.9\tex\generic\oberdie
k\ifpdf.sty"
Package: ifpdf 2017/03/15 v3.2 Provides the ifpdf switch
)
Package pdftexcmds Info: LuaTeX not detected.
Package pdftexcmds Info: \pdf@primitive is available.
Package pdftexcmds Info: \pdf@ifprimitive is available.
Package pdftexcmds Info: \pdfdraftmode found.
)
Package epstopdf-base Info: Redefining graphics rule for `.eps' on input line 4
38.
Package grfext Info: Graphics extension search list:
(grfext)             [.pdf,.png,.jpg,.mps,.jpeg,.jbig2,.jb2,.PDF,.PNG,.JPG,.JPE
G,.JBIG2,.JB2,.eps]
(grfext)             \AppendGraphicsExtensions on input line 456.
)
Package caption Info: Begin \AtBeginDocument code.
Package caption Info: float package is loaded.
Package caption Info: End \AtBeginDocument code.
 [1

{C:/Users/Rafael Gameiro/AppData/Local/MiKTeX/2.9/pdftex/config/pdftex.map}]
Underfull \hbox (badness 10000) in paragraph at lines 26--27

 []


Underfull \hbox (badness 10000) in paragraph at lines 28--29

 []


Underfull \hbox (badness 10000) in paragraph at lines 30--33

 []


Underfull \hbox (badness 10000) in paragraph at lines 34--35

 []


Underfull \hbox (badness 10000) in paragraph at lines 36--37

 []


Underfull \hbox (badness 10000) in paragraph at lines 51--55

 []

[1]
Underfull \hbox (badness 10000) in paragraph at lines 62--64

 []


Underfull \hbox (badness 10000) in paragraph at lines 72--73

 []


Underfull \hbox (badness 10000) in paragraph at lines 74--76

 []


Underfull \hbox (badness 10000) in paragraph at lines 80--82

 []


Overfull \hbox (43.2172pt too wide) detected at line 93
[]
 []

[2] [3]
LaTeX Font Info:    Try loading font information for OMS+cmr on input line 132.


("C:\Users\Rafael Gameiro\AppData\Local\Programs\MiKTeX 2.9\tex\latex\base\omsc
mr.fd"
File: omscmr.fd 2014/09/29 v2.5h Standard LaTeX font definitions
)
LaTeX Font Info:    Font shape `OMS/cmr/m/n' in size <10> not available
(Font)              Font shape `OMS/cmsy/m/n' tried instead on input line 132.
<Histograma.png, id=31, 520.94624pt x 300.3722pt>
File: Histograma.png Graphic file (type png)
<use Histograma.png>
Package pdftex.def Info: Histograma.png  used on input line 142.
(pdftex.def)             Requested size: 345.0pt x 198.92458pt.
 [4 <./Histograma.png>] [5]
Underfull \hbox (badness 10000) in paragraph at lines 194--195

 []

[6] [7]
<a1-0b0-3.png, id=46, 322.95656pt x 208.52907pt>
File: a1-0b0-3.png Graphic file (type png)
<use a1-0b0-3.png>
Package pdftex.def Info: a1-0b0-3.png  used on input line 282.
(pdftex.def)             Requested size: 207.0021pt x 133.6586pt.
<a1-0b0-5.png, id=47, 322.95656pt x 208.52907pt>
File: a1-0b0-5.png Graphic file (type png)
<use a1-0b0-5.png>
Package pdftex.def Info: a1-0b0-5.png  used on input line 285.
(pdftex.def)             Requested size: 207.0021pt x 133.6586pt.
<a1-0b0-7.png, id=48, 322.95656pt x 208.52907pt>
File: a1-0b0-7.png Graphic file (type png)
<use a1-0b0-7.png>
Package pdftex.def Info: a1-0b0-7.png  used on input line 288.
(pdftex.def)             Requested size: 207.0021pt x 133.6586pt.
<a1-0b0-9.png, id=49, 322.95656pt x 208.52907pt>
File: a1-0b0-9.png Graphic file (type png)
<use a1-0b0-9.png>
Package pdftex.def Info: a1-0b0-9.png  used on input line 291.
(pdftex.def)             Requested size: 207.0021pt x 133.6586pt.
<a0-1b1-0.png, id=50, 322.95656pt x 208.52907pt>
File: a0-1b1-0.png Graphic file (type png)
<use a0-1b1-0.png>
Package pdftex.def Info: a0-1b1-0.png  used on input line 294.
(pdftex.def)             Requested size: 207.0021pt x 133.6586pt.
<a0-3b1-0.png, id=51, 322.95656pt x 208.52907pt>
File: a0-3b1-0.png Graphic file (type png)
<use a0-3b1-0.png>
Package pdftex.def Info: a0-3b1-0.png  used on input line 297.
(pdftex.def)             Requested size: 207.0021pt x 133.6586pt.

Overfull \hbox (71.22643pt too wide) in paragraph at lines 281--299
[]$[]$ $[]$
 []


Overfull \hbox (71.22643pt too wide) in paragraph at lines 281--299
[]$ $[]$
 []


Overfull \hbox (71.22643pt too wide) in paragraph at lines 281--299
[]$ $[]$ 
 []

<a0-5b1-0.png, id=52, 322.95656pt x 208.52907pt>
File: a0-5b1-0.png Graphic file (type png)
<use a0-5b1-0.png>
Package pdftex.def Info: a0-5b1-0.png  used on input line 302.
(pdftex.def)             Requested size: 207.0021pt x 133.6586pt.
<a0-7b1-0.png, id=53, 322.95656pt x 208.52907pt>
File: a0-7b1-0.png Graphic file (type png)
<use a0-7b1-0.png>
Package pdftex.def Info: a0-7b1-0.png  used on input line 305.
(pdftex.def)             Requested size: 207.0021pt x 133.6586pt.
<a0-9b1-0.png, id=54, 322.95656pt x 208.52907pt>
File: a0-9b1-0.png Graphic file (type png)
<use a0-9b1-0.png>
Package pdftex.def Info: a0-9b1-0.png  used on input line 308.
(pdftex.def)             Requested size: 207.0021pt x 133.6586pt.
<a1-0b0-1.png, id=55, 322.95656pt x 208.52907pt>
File: a1-0b0-1.png Graphic file (type png)
<use a1-0b0-1.png>
Package pdftex.def Info: a1-0b0-1.png  used on input line 311.
(pdftex.def)             Requested size: 207.0021pt x 133.6586pt.

Overfull \hbox (71.22643pt too wide) in paragraph at lines 301--313
[]$[]$ $[]$
 []


Overfull \hbox (71.22643pt too wide) in paragraph at lines 301--313
[]$ $[]$ 
 []

[8 <./a1-0b0-3.png> <./a1-0b0-5.png> <./a1-0b0-7.png> <./a1-0b0-9.png> <./a0-1b
1-0.png> <./a0-3b1-0.png>] [9 <./a0-5b1-0.png> <./a0-7b1-0.png> <./a0-9b1-0.png
> <./a1-0b0-1.png>] (Relatorio4-ENC.aux) ) 
Here is how much of TeX's memory you used:
 3367 strings out of 492973
 52869 string characters out of 3122702
 129358 words of memory out of 3000000
 7199 multiletter control sequences out of 15000+200000
 10906 words of font info for 39 fonts, out of 3000000 for 9000
 1141 hyphenation exceptions out of 8191
 42i,11n,40p,789b,368s stack positions out of 5000i,500n,10000p,200000b,50000s
<C:/Users/Rafael Gameiro/AppData/Loca
l/Programs/MiKTeX 2.9/fonts/type1/public/amsfonts/cm/cmbx12.pfb><C:/Users/Rafae
l Gameiro/AppData/Local/Programs/MiKTeX 2.9/fonts/type1/public/amsfonts/cm/cmex
10.pfb><C:/Users/Rafael Gameiro/AppData/Local/Programs/MiKTeX 2.9/fonts/type1/p
ublic/amsfonts/cmextra/cmex7.pfb><C:/Users/Rafael Gameiro/AppData/Local/Program
s/MiKTeX 2.9/fonts/type1/public/amsfonts/cm/cmmi10.pfb><C:/Users/Rafael Gameiro
/AppData/Local/Programs/MiKTeX 2.9/fonts/type1/public/amsfonts/cm/cmmi5.pfb><C:
/Users/Rafael Gameiro/AppData/Local/Programs/MiKTeX 2.9/fonts/type1/public/amsf
onts/cm/cmmi7.pfb><C:/Users/Rafael Gameiro/AppData/Local/Programs/MiKTeX 2.9/fo
nts/type1/public/amsfonts/cm/cmr10.pfb><C:/Users/Rafael Gameiro/AppData/Local/P
rograms/MiKTeX 2.9/fonts/type1/public/amsfonts/cm/cmr12.pfb><C:/Users/Rafael Ga
meiro/AppData/Local/Programs/MiKTeX 2.9/fonts/type1/public/amsfonts/cm/cmr17.pf
b><C:/Users/Rafael Gameiro/AppData/Local/Programs/MiKTeX 2.9/fonts/type1/public
/amsfonts/cm/cmr5.pfb><C:/Users/Rafael Gameiro/AppData/Local/Programs/MiKTeX 2.
9/fonts/type1/public/amsfonts/cm/cmr7.pfb><C:/Users/Rafael Gameiro/AppData/Loca
l/Programs/MiKTeX 2.9/fonts/type1/public/amsfonts/cm/cmr8.pfb><C:/Users/Rafael 
Gameiro/AppData/Local/Programs/MiKTeX 2.9/fonts/type1/public/amsfonts/cm/cmsy10
.pfb><C:/Users/Rafael Gameiro/AppData/Local/Programs/MiKTeX 2.9/fonts/type1/pub
lic/amsfonts/cm/cmsy5.pfb><C:/Users/Rafael Gameiro/AppData/Local/Programs/MiKTe
X 2.9/fonts/type1/public/amsfonts/cm/cmsy7.pfb><C:/Users/Rafael Gameiro/AppData
/Local/Programs/MiKTeX 2.9/fonts/type1/public/amsfonts/cm/cmti10.pfb><C:/Users/
Rafael Gameiro/AppData/Local/Programs/MiKTeX 2.9/fonts/type1/public/amsfonts/cm
/cmti7.pfb>
Output written on Relatorio4-ENC.pdf (10 pages, 253097 bytes).
PDF statistics:
 125 PDF objects out of 1000 (max. 8388607)
 0 named destinations out of 1000 (max. 500000)
 56 words of extra memory for PDF output out of 10000 (max. 10000000)

